[2015-11-23 01:39:39,352][INFO ][rest.suppressed          ] /publications/umd09JP/2/_update Params: {index=publications, id=2, type=umd09JP}
org.elasticsearch.action.ActionRequestValidationException: Validation Failed: 1: script or doc is missing;
	at org.elasticsearch.action.ValidateActions.addValidationError(ValidateActions.java:29)
	at org.elasticsearch.action.update.UpdateRequest.validate(UpdateRequest.java:120)
	at org.elasticsearch.action.support.TransportAction.execute(TransportAction.java:62)
	at org.elasticsearch.client.node.NodeClient.doExecute(NodeClient.java:58)
	at org.elasticsearch.client.support.AbstractClient.execute(AbstractClient.java:347)
	at org.elasticsearch.client.FilterClient.doExecute(FilterClient.java:52)
	at org.elasticsearch.rest.BaseRestHandler$HeadersAndContextCopyClient.doExecute(BaseRestHandler.java:83)
	at org.elasticsearch.client.support.AbstractClient.execute(AbstractClient.java:347)
	at org.elasticsearch.client.support.AbstractClient.update(AbstractClient.java:384)
	at org.elasticsearch.rest.action.update.RestUpdateAction.handleRequest(RestUpdateAction.java:126)
	at org.elasticsearch.rest.BaseRestHandler.handleRequest(BaseRestHandler.java:54)
	at org.elasticsearch.rest.RestController.executeHandler(RestController.java:207)
	at org.elasticsearch.rest.RestController.dispatchRequest(RestController.java:166)
	at org.elasticsearch.http.HttpServer.internalDispatchRequest(HttpServer.java:128)
	at org.elasticsearch.http.HttpServer$Dispatcher.dispatchRequest(HttpServer.java:86)
	at org.elasticsearch.http.netty.NettyHttpServerTransport.dispatchRequest(NettyHttpServerTransport.java:348)
	at org.elasticsearch.http.netty.HttpRequestHandler.messageReceived(HttpRequestHandler.java:63)
	at org.jboss.netty.channel.SimpleChannelUpstreamHandler.handleUpstream(SimpleChannelUpstreamHandler.java:70)
	at org.jboss.netty.channel.DefaultChannelPipeline.sendUpstream(DefaultChannelPipeline.java:564)
	at org.jboss.netty.channel.DefaultChannelPipeline$DefaultChannelHandlerContext.sendUpstream(DefaultChannelPipeline.java:791)
	at org.elasticsearch.http.netty.pipelining.HttpPipeliningHandler.messageReceived(HttpPipeliningHandler.java:60)
	at org.jboss.netty.channel.SimpleChannelHandler.handleUpstream(SimpleChannelHandler.java:88)
	at org.jboss.netty.channel.DefaultChannelPipeline.sendUpstream(DefaultChannelPipeline.java:564)
	at org.jboss.netty.channel.DefaultChannelPipeline$DefaultChannelHandlerContext.sendUpstream(DefaultChannelPipeline.java:791)
	at org.jboss.netty.handler.codec.http.HttpChunkAggregator.messageReceived(HttpChunkAggregator.java:145)
	at org.jboss.netty.channel.SimpleChannelUpstreamHandler.handleUpstream(SimpleChannelUpstreamHandler.java:70)
	at org.jboss.netty.channel.DefaultChannelPipeline.sendUpstream(DefaultChannelPipeline.java:564)
	at org.jboss.netty.channel.DefaultChannelPipeline$DefaultChannelHandlerContext.sendUpstream(DefaultChannelPipeline.java:791)
	at org.jboss.netty.handler.codec.http.HttpContentDecoder.messageReceived(HttpContentDecoder.java:108)
	at org.jboss.netty.channel.SimpleChannelUpstreamHandler.handleUpstream(SimpleChannelUpstreamHandler.java:70)
	at org.jboss.netty.channel.DefaultChannelPipeline.sendUpstream(DefaultChannelPipeline.java:564)
	at org.jboss.netty.channel.DefaultChannelPipeline$DefaultChannelHandlerContext.sendUpstream(DefaultChannelPipeline.java:791)
	at org.jboss.netty.channel.Channels.fireMessageReceived(Channels.java:296)
	at org.jboss.netty.handler.codec.frame.FrameDecoder.unfoldAndFireMessageReceived(FrameDecoder.java:459)
	at org.jboss.netty.handler.codec.replay.ReplayingDecoder.callDecode(ReplayingDecoder.java:536)
	at org.jboss.netty.handler.codec.replay.ReplayingDecoder.messageReceived(ReplayingDecoder.java:435)
	at org.jboss.netty.channel.SimpleChannelUpstreamHandler.handleUpstream(SimpleChannelUpstreamHandler.java:70)
	at org.jboss.netty.channel.DefaultChannelPipeline.sendUpstream(DefaultChannelPipeline.java:564)
	at org.jboss.netty.channel.DefaultChannelPipeline$DefaultChannelHandlerContext.sendUpstream(DefaultChannelPipeline.java:791)
	at org.elasticsearch.common.netty.OpenChannelsHandler.handleUpstream(OpenChannelsHandler.java:75)
	at org.jboss.netty.channel.DefaultChannelPipeline.sendUpstream(DefaultChannelPipeline.java:564)
	at org.jboss.netty.channel.DefaultChannelPipeline.sendUpstream(DefaultChannelPipeline.java:559)
	at org.jboss.netty.channel.Channels.fireMessageReceived(Channels.java:268)
	at org.jboss.netty.channel.Channels.fireMessageReceived(Channels.java:255)
	at org.jboss.netty.channel.socket.nio.NioWorker.read(NioWorker.java:88)
	at org.jboss.netty.channel.socket.nio.AbstractNioWorker.process(AbstractNioWorker.java:108)
	at org.jboss.netty.channel.socket.nio.AbstractNioSelector.run(AbstractNioSelector.java:337)
	at org.jboss.netty.channel.socket.nio.AbstractNioWorker.run(AbstractNioWorker.java:89)
	at org.jboss.netty.channel.socket.nio.NioWorker.run(NioWorker.java:178)
	at org.jboss.netty.util.ThreadRenamingRunnable.run(ThreadRenamingRunnable.java:108)
	at org.jboss.netty.util.internal.DeadLockProofWorker$1.run(DeadLockProofWorker.java:42)
	at java.util.concurrent.ThreadPoolExecutor.runWorker(ThreadPoolExecutor.java:1142)
	at java.util.concurrent.ThreadPoolExecutor$Worker.run(ThreadPoolExecutor.java:617)
	at java.lang.Thread.run(Thread.java:745)
[2015-11-23 01:40:04,184][INFO ][rest.suppressed          ] /publications/umd09JP/2/_update Params: {index=publications, id=2, type=umd09JP}
org.elasticsearch.action.ActionRequestValidationException: Validation Failed: 1: script or doc is missing;
	at org.elasticsearch.action.ValidateActions.addValidationError(ValidateActions.java:29)
	at org.elasticsearch.action.update.UpdateRequest.validate(UpdateRequest.java:120)
	at org.elasticsearch.action.support.TransportAction.execute(TransportAction.java:62)
	at org.elasticsearch.client.node.NodeClient.doExecute(NodeClient.java:58)
	at org.elasticsearch.client.support.AbstractClient.execute(AbstractClient.java:347)
	at org.elasticsearch.client.FilterClient.doExecute(FilterClient.java:52)
	at org.elasticsearch.rest.BaseRestHandler$HeadersAndContextCopyClient.doExecute(BaseRestHandler.java:83)
	at org.elasticsearch.client.support.AbstractClient.execute(AbstractClient.java:347)
	at org.elasticsearch.client.support.AbstractClient.update(AbstractClient.java:384)
	at org.elasticsearch.rest.action.update.RestUpdateAction.handleRequest(RestUpdateAction.java:126)
	at org.elasticsearch.rest.BaseRestHandler.handleRequest(BaseRestHandler.java:54)
	at org.elasticsearch.rest.RestController.executeHandler(RestController.java:207)
	at org.elasticsearch.rest.RestController.dispatchRequest(RestController.java:166)
	at org.elasticsearch.http.HttpServer.internalDispatchRequest(HttpServer.java:128)
	at org.elasticsearch.http.HttpServer$Dispatcher.dispatchRequest(HttpServer.java:86)
	at org.elasticsearch.http.netty.NettyHttpServerTransport.dispatchRequest(NettyHttpServerTransport.java:348)
	at org.elasticsearch.http.netty.HttpRequestHandler.messageReceived(HttpRequestHandler.java:63)
	at org.jboss.netty.channel.SimpleChannelUpstreamHandler.handleUpstream(SimpleChannelUpstreamHandler.java:70)
	at org.jboss.netty.channel.DefaultChannelPipeline.sendUpstream(DefaultChannelPipeline.java:564)
	at org.jboss.netty.channel.DefaultChannelPipeline$DefaultChannelHandlerContext.sendUpstream(DefaultChannelPipeline.java:791)
	at org.elasticsearch.http.netty.pipelining.HttpPipeliningHandler.messageReceived(HttpPipeliningHandler.java:60)
	at org.jboss.netty.channel.SimpleChannelHandler.handleUpstream(SimpleChannelHandler.java:88)
	at org.jboss.netty.channel.DefaultChannelPipeline.sendUpstream(DefaultChannelPipeline.java:564)
	at org.jboss.netty.channel.DefaultChannelPipeline$DefaultChannelHandlerContext.sendUpstream(DefaultChannelPipeline.java:791)
	at org.jboss.netty.handler.codec.http.HttpChunkAggregator.messageReceived(HttpChunkAggregator.java:145)
	at org.jboss.netty.channel.SimpleChannelUpstreamHandler.handleUpstream(SimpleChannelUpstreamHandler.java:70)
	at org.jboss.netty.channel.DefaultChannelPipeline.sendUpstream(DefaultChannelPipeline.java:564)
	at org.jboss.netty.channel.DefaultChannelPipeline$DefaultChannelHandlerContext.sendUpstream(DefaultChannelPipeline.java:791)
	at org.jboss.netty.handler.codec.http.HttpContentDecoder.messageReceived(HttpContentDecoder.java:108)
	at org.jboss.netty.channel.SimpleChannelUpstreamHandler.handleUpstream(SimpleChannelUpstreamHandler.java:70)
	at org.jboss.netty.channel.DefaultChannelPipeline.sendUpstream(DefaultChannelPipeline.java:564)
	at org.jboss.netty.channel.DefaultChannelPipeline$DefaultChannelHandlerContext.sendUpstream(DefaultChannelPipeline.java:791)
	at org.jboss.netty.channel.Channels.fireMessageReceived(Channels.java:296)
	at org.jboss.netty.handler.codec.frame.FrameDecoder.unfoldAndFireMessageReceived(FrameDecoder.java:459)
	at org.jboss.netty.handler.codec.replay.ReplayingDecoder.callDecode(ReplayingDecoder.java:536)
	at org.jboss.netty.handler.codec.replay.ReplayingDecoder.messageReceived(ReplayingDecoder.java:435)
	at org.jboss.netty.channel.SimpleChannelUpstreamHandler.handleUpstream(SimpleChannelUpstreamHandler.java:70)
	at org.jboss.netty.channel.DefaultChannelPipeline.sendUpstream(DefaultChannelPipeline.java:564)
	at org.jboss.netty.channel.DefaultChannelPipeline$DefaultChannelHandlerContext.sendUpstream(DefaultChannelPipeline.java:791)
	at org.elasticsearch.common.netty.OpenChannelsHandler.handleUpstream(OpenChannelsHandler.java:75)
	at org.jboss.netty.channel.DefaultChannelPipeline.sendUpstream(DefaultChannelPipeline.java:564)
	at org.jboss.netty.channel.DefaultChannelPipeline.sendUpstream(DefaultChannelPipeline.java:559)
	at org.jboss.netty.channel.Channels.fireMessageReceived(Channels.java:268)
	at org.jboss.netty.channel.Channels.fireMessageReceived(Channels.java:255)
	at org.jboss.netty.channel.socket.nio.NioWorker.read(NioWorker.java:88)
	at org.jboss.netty.channel.socket.nio.AbstractNioWorker.process(AbstractNioWorker.java:108)
	at org.jboss.netty.channel.socket.nio.AbstractNioSelector.run(AbstractNioSelector.java:337)
	at org.jboss.netty.channel.socket.nio.AbstractNioWorker.run(AbstractNioWorker.java:89)
	at org.jboss.netty.channel.socket.nio.NioWorker.run(NioWorker.java:178)
	at org.jboss.netty.util.ThreadRenamingRunnable.run(ThreadRenamingRunnable.java:108)
	at org.jboss.netty.util.internal.DeadLockProofWorker$1.run(DeadLockProofWorker.java:42)
	at java.util.concurrent.ThreadPoolExecutor.runWorker(ThreadPoolExecutor.java:1142)
	at java.util.concurrent.ThreadPoolExecutor$Worker.run(ThreadPoolExecutor.java:617)
	at java.lang.Thread.run(Thread.java:745)
[2015-11-23 01:40:16,746][INFO ][rest.suppressed          ] /publications/umd09JP/2/_update Params: {index=publications, id=2, type=umd09JP}
org.elasticsearch.action.ActionRequestValidationException: Validation Failed: 1: script or doc is missing;
	at org.elasticsearch.action.ValidateActions.addValidationError(ValidateActions.java:29)
	at org.elasticsearch.action.update.UpdateRequest.validate(UpdateRequest.java:120)
	at org.elasticsearch.action.support.TransportAction.execute(TransportAction.java:62)
	at org.elasticsearch.client.node.NodeClient.doExecute(NodeClient.java:58)
	at org.elasticsearch.client.support.AbstractClient.execute(AbstractClient.java:347)
	at org.elasticsearch.client.FilterClient.doExecute(FilterClient.java:52)
	at org.elasticsearch.rest.BaseRestHandler$HeadersAndContextCopyClient.doExecute(BaseRestHandler.java:83)
	at org.elasticsearch.client.support.AbstractClient.execute(AbstractClient.java:347)
	at org.elasticsearch.client.support.AbstractClient.update(AbstractClient.java:384)
	at org.elasticsearch.rest.action.update.RestUpdateAction.handleRequest(RestUpdateAction.java:126)
	at org.elasticsearch.rest.BaseRestHandler.handleRequest(BaseRestHandler.java:54)
	at org.elasticsearch.rest.RestController.executeHandler(RestController.java:207)
	at org.elasticsearch.rest.RestController.dispatchRequest(RestController.java:166)
	at org.elasticsearch.http.HttpServer.internalDispatchRequest(HttpServer.java:128)
	at org.elasticsearch.http.HttpServer$Dispatcher.dispatchRequest(HttpServer.java:86)
	at org.elasticsearch.http.netty.NettyHttpServerTransport.dispatchRequest(NettyHttpServerTransport.java:348)
	at org.elasticsearch.http.netty.HttpRequestHandler.messageReceived(HttpRequestHandler.java:63)
	at org.jboss.netty.channel.SimpleChannelUpstreamHandler.handleUpstream(SimpleChannelUpstreamHandler.java:70)
	at org.jboss.netty.channel.DefaultChannelPipeline.sendUpstream(DefaultChannelPipeline.java:564)
	at org.jboss.netty.channel.DefaultChannelPipeline$DefaultChannelHandlerContext.sendUpstream(DefaultChannelPipeline.java:791)
	at org.elasticsearch.http.netty.pipelining.HttpPipeliningHandler.messageReceived(HttpPipeliningHandler.java:60)
	at org.jboss.netty.channel.SimpleChannelHandler.handleUpstream(SimpleChannelHandler.java:88)
	at org.jboss.netty.channel.DefaultChannelPipeline.sendUpstream(DefaultChannelPipeline.java:564)
	at org.jboss.netty.channel.DefaultChannelPipeline$DefaultChannelHandlerContext.sendUpstream(DefaultChannelPipeline.java:791)
	at org.jboss.netty.handler.codec.http.HttpChunkAggregator.messageReceived(HttpChunkAggregator.java:145)
	at org.jboss.netty.channel.SimpleChannelUpstreamHandler.handleUpstream(SimpleChannelUpstreamHandler.java:70)
	at org.jboss.netty.channel.DefaultChannelPipeline.sendUpstream(DefaultChannelPipeline.java:564)
	at org.jboss.netty.channel.DefaultChannelPipeline$DefaultChannelHandlerContext.sendUpstream(DefaultChannelPipeline.java:791)
	at org.jboss.netty.handler.codec.http.HttpContentDecoder.messageReceived(HttpContentDecoder.java:108)
	at org.jboss.netty.channel.SimpleChannelUpstreamHandler.handleUpstream(SimpleChannelUpstreamHandler.java:70)
	at org.jboss.netty.channel.DefaultChannelPipeline.sendUpstream(DefaultChannelPipeline.java:564)
	at org.jboss.netty.channel.DefaultChannelPipeline$DefaultChannelHandlerContext.sendUpstream(DefaultChannelPipeline.java:791)
	at org.jboss.netty.channel.Channels.fireMessageReceived(Channels.java:296)
	at org.jboss.netty.handler.codec.frame.FrameDecoder.unfoldAndFireMessageReceived(FrameDecoder.java:459)
	at org.jboss.netty.handler.codec.replay.ReplayingDecoder.callDecode(ReplayingDecoder.java:536)
	at org.jboss.netty.handler.codec.replay.ReplayingDecoder.messageReceived(ReplayingDecoder.java:435)
	at org.jboss.netty.channel.SimpleChannelUpstreamHandler.handleUpstream(SimpleChannelUpstreamHandler.java:70)
	at org.jboss.netty.channel.DefaultChannelPipeline.sendUpstream(DefaultChannelPipeline.java:564)
	at org.jboss.netty.channel.DefaultChannelPipeline$DefaultChannelHandlerContext.sendUpstream(DefaultChannelPipeline.java:791)
	at org.elasticsearch.common.netty.OpenChannelsHandler.handleUpstream(OpenChannelsHandler.java:75)
	at org.jboss.netty.channel.DefaultChannelPipeline.sendUpstream(DefaultChannelPipeline.java:564)
	at org.jboss.netty.channel.DefaultChannelPipeline.sendUpstream(DefaultChannelPipeline.java:559)
	at org.jboss.netty.channel.Channels.fireMessageReceived(Channels.java:268)
	at org.jboss.netty.channel.Channels.fireMessageReceived(Channels.java:255)
	at org.jboss.netty.channel.socket.nio.NioWorker.read(NioWorker.java:88)
	at org.jboss.netty.channel.socket.nio.AbstractNioWorker.process(AbstractNioWorker.java:108)
	at org.jboss.netty.channel.socket.nio.AbstractNioSelector.run(AbstractNioSelector.java:337)
	at org.jboss.netty.channel.socket.nio.AbstractNioWorker.run(AbstractNioWorker.java:89)
	at org.jboss.netty.channel.socket.nio.NioWorker.run(NioWorker.java:178)
	at org.jboss.netty.util.ThreadRenamingRunnable.run(ThreadRenamingRunnable.java:108)
	at org.jboss.netty.util.internal.DeadLockProofWorker$1.run(DeadLockProofWorker.java:42)
	at java.util.concurrent.ThreadPoolExecutor.runWorker(ThreadPoolExecutor.java:1142)
	at java.util.concurrent.ThreadPoolExecutor$Worker.run(ThreadPoolExecutor.java:617)
	at java.lang.Thread.run(Thread.java:745)
[2015-11-23 01:50:43,305][INFO ][rest.suppressed          ] /publications/umd09JP/2/_update Params: {index=publications, id=2, type=umd09JP}
org.elasticsearch.action.ActionRequestValidationException: Validation Failed: 1: script or doc is missing;
	at org.elasticsearch.action.ValidateActions.addValidationError(ValidateActions.java:29)
	at org.elasticsearch.action.update.UpdateRequest.validate(UpdateRequest.java:120)
	at org.elasticsearch.action.support.TransportAction.execute(TransportAction.java:62)
	at org.elasticsearch.client.node.NodeClient.doExecute(NodeClient.java:58)
	at org.elasticsearch.client.support.AbstractClient.execute(AbstractClient.java:347)
	at org.elasticsearch.client.FilterClient.doExecute(FilterClient.java:52)
	at org.elasticsearch.rest.BaseRestHandler$HeadersAndContextCopyClient.doExecute(BaseRestHandler.java:83)
	at org.elasticsearch.client.support.AbstractClient.execute(AbstractClient.java:347)
	at org.elasticsearch.client.support.AbstractClient.update(AbstractClient.java:384)
	at org.elasticsearch.rest.action.update.RestUpdateAction.handleRequest(RestUpdateAction.java:126)
	at org.elasticsearch.rest.BaseRestHandler.handleRequest(BaseRestHandler.java:54)
	at org.elasticsearch.rest.RestController.executeHandler(RestController.java:207)
	at org.elasticsearch.rest.RestController.dispatchRequest(RestController.java:166)
	at org.elasticsearch.http.HttpServer.internalDispatchRequest(HttpServer.java:128)
	at org.elasticsearch.http.HttpServer$Dispatcher.dispatchRequest(HttpServer.java:86)
	at org.elasticsearch.http.netty.NettyHttpServerTransport.dispatchRequest(NettyHttpServerTransport.java:348)
	at org.elasticsearch.http.netty.HttpRequestHandler.messageReceived(HttpRequestHandler.java:63)
	at org.jboss.netty.channel.SimpleChannelUpstreamHandler.handleUpstream(SimpleChannelUpstreamHandler.java:70)
	at org.jboss.netty.channel.DefaultChannelPipeline.sendUpstream(DefaultChannelPipeline.java:564)
	at org.jboss.netty.channel.DefaultChannelPipeline$DefaultChannelHandlerContext.sendUpstream(DefaultChannelPipeline.java:791)
	at org.elasticsearch.http.netty.pipelining.HttpPipeliningHandler.messageReceived(HttpPipeliningHandler.java:60)
	at org.jboss.netty.channel.SimpleChannelHandler.handleUpstream(SimpleChannelHandler.java:88)
	at org.jboss.netty.channel.DefaultChannelPipeline.sendUpstream(DefaultChannelPipeline.java:564)
	at org.jboss.netty.channel.DefaultChannelPipeline$DefaultChannelHandlerContext.sendUpstream(DefaultChannelPipeline.java:791)
	at org.jboss.netty.handler.codec.http.HttpChunkAggregator.messageReceived(HttpChunkAggregator.java:145)
	at org.jboss.netty.channel.SimpleChannelUpstreamHandler.handleUpstream(SimpleChannelUpstreamHandler.java:70)
	at org.jboss.netty.channel.DefaultChannelPipeline.sendUpstream(DefaultChannelPipeline.java:564)
	at org.jboss.netty.channel.DefaultChannelPipeline$DefaultChannelHandlerContext.sendUpstream(DefaultChannelPipeline.java:791)
	at org.jboss.netty.handler.codec.http.HttpContentDecoder.messageReceived(HttpContentDecoder.java:108)
	at org.jboss.netty.channel.SimpleChannelUpstreamHandler.handleUpstream(SimpleChannelUpstreamHandler.java:70)
	at org.jboss.netty.channel.DefaultChannelPipeline.sendUpstream(DefaultChannelPipeline.java:564)
	at org.jboss.netty.channel.DefaultChannelPipeline$DefaultChannelHandlerContext.sendUpstream(DefaultChannelPipeline.java:791)
	at org.jboss.netty.channel.Channels.fireMessageReceived(Channels.java:296)
	at org.jboss.netty.handler.codec.frame.FrameDecoder.unfoldAndFireMessageReceived(FrameDecoder.java:459)
	at org.jboss.netty.handler.codec.replay.ReplayingDecoder.callDecode(ReplayingDecoder.java:536)
	at org.jboss.netty.handler.codec.replay.ReplayingDecoder.messageReceived(ReplayingDecoder.java:435)
	at org.jboss.netty.channel.SimpleChannelUpstreamHandler.handleUpstream(SimpleChannelUpstreamHandler.java:70)
	at org.jboss.netty.channel.DefaultChannelPipeline.sendUpstream(DefaultChannelPipeline.java:564)
	at org.jboss.netty.channel.DefaultChannelPipeline$DefaultChannelHandlerContext.sendUpstream(DefaultChannelPipeline.java:791)
	at org.elasticsearch.common.netty.OpenChannelsHandler.handleUpstream(OpenChannelsHandler.java:75)
	at org.jboss.netty.channel.DefaultChannelPipeline.sendUpstream(DefaultChannelPipeline.java:564)
	at org.jboss.netty.channel.DefaultChannelPipeline.sendUpstream(DefaultChannelPipeline.java:559)
	at org.jboss.netty.channel.Channels.fireMessageReceived(Channels.java:268)
	at org.jboss.netty.channel.Channels.fireMessageReceived(Channels.java:255)
	at org.jboss.netty.channel.socket.nio.NioWorker.read(NioWorker.java:88)
	at org.jboss.netty.channel.socket.nio.AbstractNioWorker.process(AbstractNioWorker.java:108)
	at org.jboss.netty.channel.socket.nio.AbstractNioSelector.run(AbstractNioSelector.java:337)
	at org.jboss.netty.channel.socket.nio.AbstractNioWorker.run(AbstractNioWorker.java:89)
	at org.jboss.netty.channel.socket.nio.NioWorker.run(NioWorker.java:178)
	at org.jboss.netty.util.ThreadRenamingRunnable.run(ThreadRenamingRunnable.java:108)
	at org.jboss.netty.util.internal.DeadLockProofWorker$1.run(DeadLockProofWorker.java:42)
	at java.util.concurrent.ThreadPoolExecutor.runWorker(ThreadPoolExecutor.java:1142)
	at java.util.concurrent.ThreadPoolExecutor$Worker.run(ThreadPoolExecutor.java:617)
	at java.lang.Thread.run(Thread.java:745)
[2015-11-23 01:51:36,047][INFO ][rest.suppressed          ] /publications/umd09JP/2/_update Params: {index=publications, id=2, type=umd09JP}
org.elasticsearch.action.ActionRequestValidationException: Validation Failed: 1: script or doc is missing;
	at org.elasticsearch.action.ValidateActions.addValidationError(ValidateActions.java:29)
	at org.elasticsearch.action.update.UpdateRequest.validate(UpdateRequest.java:120)
	at org.elasticsearch.action.support.TransportAction.execute(TransportAction.java:62)
	at org.elasticsearch.client.node.NodeClient.doExecute(NodeClient.java:58)
	at org.elasticsearch.client.support.AbstractClient.execute(AbstractClient.java:347)
	at org.elasticsearch.client.FilterClient.doExecute(FilterClient.java:52)
	at org.elasticsearch.rest.BaseRestHandler$HeadersAndContextCopyClient.doExecute(BaseRestHandler.java:83)
	at org.elasticsearch.client.support.AbstractClient.execute(AbstractClient.java:347)
	at org.elasticsearch.client.support.AbstractClient.update(AbstractClient.java:384)
	at org.elasticsearch.rest.action.update.RestUpdateAction.handleRequest(RestUpdateAction.java:126)
	at org.elasticsearch.rest.BaseRestHandler.handleRequest(BaseRestHandler.java:54)
	at org.elasticsearch.rest.RestController.executeHandler(RestController.java:207)
	at org.elasticsearch.rest.RestController.dispatchRequest(RestController.java:166)
	at org.elasticsearch.http.HttpServer.internalDispatchRequest(HttpServer.java:128)
	at org.elasticsearch.http.HttpServer$Dispatcher.dispatchRequest(HttpServer.java:86)
	at org.elasticsearch.http.netty.NettyHttpServerTransport.dispatchRequest(NettyHttpServerTransport.java:348)
	at org.elasticsearch.http.netty.HttpRequestHandler.messageReceived(HttpRequestHandler.java:63)
	at org.jboss.netty.channel.SimpleChannelUpstreamHandler.handleUpstream(SimpleChannelUpstreamHandler.java:70)
	at org.jboss.netty.channel.DefaultChannelPipeline.sendUpstream(DefaultChannelPipeline.java:564)
	at org.jboss.netty.channel.DefaultChannelPipeline$DefaultChannelHandlerContext.sendUpstream(DefaultChannelPipeline.java:791)
	at org.elasticsearch.http.netty.pipelining.HttpPipeliningHandler.messageReceived(HttpPipeliningHandler.java:60)
	at org.jboss.netty.channel.SimpleChannelHandler.handleUpstream(SimpleChannelHandler.java:88)
	at org.jboss.netty.channel.DefaultChannelPipeline.sendUpstream(DefaultChannelPipeline.java:564)
	at org.jboss.netty.channel.DefaultChannelPipeline$DefaultChannelHandlerContext.sendUpstream(DefaultChannelPipeline.java:791)
	at org.jboss.netty.handler.codec.http.HttpChunkAggregator.messageReceived(HttpChunkAggregator.java:145)
	at org.jboss.netty.channel.SimpleChannelUpstreamHandler.handleUpstream(SimpleChannelUpstreamHandler.java:70)
	at org.jboss.netty.channel.DefaultChannelPipeline.sendUpstream(DefaultChannelPipeline.java:564)
	at org.jboss.netty.channel.DefaultChannelPipeline$DefaultChannelHandlerContext.sendUpstream(DefaultChannelPipeline.java:791)
	at org.jboss.netty.handler.codec.http.HttpContentDecoder.messageReceived(HttpContentDecoder.java:108)
	at org.jboss.netty.channel.SimpleChannelUpstreamHandler.handleUpstream(SimpleChannelUpstreamHandler.java:70)
	at org.jboss.netty.channel.DefaultChannelPipeline.sendUpstream(DefaultChannelPipeline.java:564)
	at org.jboss.netty.channel.DefaultChannelPipeline$DefaultChannelHandlerContext.sendUpstream(DefaultChannelPipeline.java:791)
	at org.jboss.netty.channel.Channels.fireMessageReceived(Channels.java:296)
	at org.jboss.netty.handler.codec.frame.FrameDecoder.unfoldAndFireMessageReceived(FrameDecoder.java:459)
	at org.jboss.netty.handler.codec.replay.ReplayingDecoder.callDecode(ReplayingDecoder.java:536)
	at org.jboss.netty.handler.codec.replay.ReplayingDecoder.messageReceived(ReplayingDecoder.java:435)
	at org.jboss.netty.channel.SimpleChannelUpstreamHandler.handleUpstream(SimpleChannelUpstreamHandler.java:70)
	at org.jboss.netty.channel.DefaultChannelPipeline.sendUpstream(DefaultChannelPipeline.java:564)
	at org.jboss.netty.channel.DefaultChannelPipeline$DefaultChannelHandlerContext.sendUpstream(DefaultChannelPipeline.java:791)
	at org.elasticsearch.common.netty.OpenChannelsHandler.handleUpstream(OpenChannelsHandler.java:75)
	at org.jboss.netty.channel.DefaultChannelPipeline.sendUpstream(DefaultChannelPipeline.java:564)
	at org.jboss.netty.channel.DefaultChannelPipeline.sendUpstream(DefaultChannelPipeline.java:559)
	at org.jboss.netty.channel.Channels.fireMessageReceived(Channels.java:268)
	at org.jboss.netty.channel.Channels.fireMessageReceived(Channels.java:255)
	at org.jboss.netty.channel.socket.nio.NioWorker.read(NioWorker.java:88)
	at org.jboss.netty.channel.socket.nio.AbstractNioWorker.process(AbstractNioWorker.java:108)
	at org.jboss.netty.channel.socket.nio.AbstractNioSelector.run(AbstractNioSelector.java:337)
	at org.jboss.netty.channel.socket.nio.AbstractNioWorker.run(AbstractNioWorker.java:89)
	at org.jboss.netty.channel.socket.nio.NioWorker.run(NioWorker.java:178)
	at org.jboss.netty.util.ThreadRenamingRunnable.run(ThreadRenamingRunnable.java:108)
	at org.jboss.netty.util.internal.DeadLockProofWorker$1.run(DeadLockProofWorker.java:42)
	at java.util.concurrent.ThreadPoolExecutor.runWorker(ThreadPoolExecutor.java:1142)
	at java.util.concurrent.ThreadPoolExecutor$Worker.run(ThreadPoolExecutor.java:617)
	at java.lang.Thread.run(Thread.java:745)
[2015-11-23 01:53:51,930][INFO ][rest.suppressed          ] /publications/umd09JP/2/_update Params: {index=publications, id=2, type=umd09JP}
org.elasticsearch.action.ActionRequestValidationException: Validation Failed: 1: script or doc is missing;
	at org.elasticsearch.action.ValidateActions.addValidationError(ValidateActions.java:29)
	at org.elasticsearch.action.update.UpdateRequest.validate(UpdateRequest.java:120)
	at org.elasticsearch.action.support.TransportAction.execute(TransportAction.java:62)
	at org.elasticsearch.client.node.NodeClient.doExecute(NodeClient.java:58)
	at org.elasticsearch.client.support.AbstractClient.execute(AbstractClient.java:347)
	at org.elasticsearch.client.FilterClient.doExecute(FilterClient.java:52)
	at org.elasticsearch.rest.BaseRestHandler$HeadersAndContextCopyClient.doExecute(BaseRestHandler.java:83)
	at org.elasticsearch.client.support.AbstractClient.execute(AbstractClient.java:347)
	at org.elasticsearch.client.support.AbstractClient.update(AbstractClient.java:384)
	at org.elasticsearch.rest.action.update.RestUpdateAction.handleRequest(RestUpdateAction.java:126)
	at org.elasticsearch.rest.BaseRestHandler.handleRequest(BaseRestHandler.java:54)
	at org.elasticsearch.rest.RestController.executeHandler(RestController.java:207)
	at org.elasticsearch.rest.RestController.dispatchRequest(RestController.java:166)
	at org.elasticsearch.http.HttpServer.internalDispatchRequest(HttpServer.java:128)
	at org.elasticsearch.http.HttpServer$Dispatcher.dispatchRequest(HttpServer.java:86)
	at org.elasticsearch.http.netty.NettyHttpServerTransport.dispatchRequest(NettyHttpServerTransport.java:348)
	at org.elasticsearch.http.netty.HttpRequestHandler.messageReceived(HttpRequestHandler.java:63)
	at org.jboss.netty.channel.SimpleChannelUpstreamHandler.handleUpstream(SimpleChannelUpstreamHandler.java:70)
	at org.jboss.netty.channel.DefaultChannelPipeline.sendUpstream(DefaultChannelPipeline.java:564)
	at org.jboss.netty.channel.DefaultChannelPipeline$DefaultChannelHandlerContext.sendUpstream(DefaultChannelPipeline.java:791)
	at org.elasticsearch.http.netty.pipelining.HttpPipeliningHandler.messageReceived(HttpPipeliningHandler.java:60)
	at org.jboss.netty.channel.SimpleChannelHandler.handleUpstream(SimpleChannelHandler.java:88)
	at org.jboss.netty.channel.DefaultChannelPipeline.sendUpstream(DefaultChannelPipeline.java:564)
	at org.jboss.netty.channel.DefaultChannelPipeline$DefaultChannelHandlerContext.sendUpstream(DefaultChannelPipeline.java:791)
	at org.jboss.netty.handler.codec.http.HttpChunkAggregator.messageReceived(HttpChunkAggregator.java:145)
	at org.jboss.netty.channel.SimpleChannelUpstreamHandler.handleUpstream(SimpleChannelUpstreamHandler.java:70)
	at org.jboss.netty.channel.DefaultChannelPipeline.sendUpstream(DefaultChannelPipeline.java:564)
	at org.jboss.netty.channel.DefaultChannelPipeline$DefaultChannelHandlerContext.sendUpstream(DefaultChannelPipeline.java:791)
	at org.jboss.netty.handler.codec.http.HttpContentDecoder.messageReceived(HttpContentDecoder.java:108)
	at org.jboss.netty.channel.SimpleChannelUpstreamHandler.handleUpstream(SimpleChannelUpstreamHandler.java:70)
	at org.jboss.netty.channel.DefaultChannelPipeline.sendUpstream(DefaultChannelPipeline.java:564)
	at org.jboss.netty.channel.DefaultChannelPipeline$DefaultChannelHandlerContext.sendUpstream(DefaultChannelPipeline.java:791)
	at org.jboss.netty.channel.Channels.fireMessageReceived(Channels.java:296)
	at org.jboss.netty.handler.codec.frame.FrameDecoder.unfoldAndFireMessageReceived(FrameDecoder.java:459)
	at org.jboss.netty.handler.codec.replay.ReplayingDecoder.callDecode(ReplayingDecoder.java:536)
	at org.jboss.netty.handler.codec.replay.ReplayingDecoder.messageReceived(ReplayingDecoder.java:435)
	at org.jboss.netty.channel.SimpleChannelUpstreamHandler.handleUpstream(SimpleChannelUpstreamHandler.java:70)
	at org.jboss.netty.channel.DefaultChannelPipeline.sendUpstream(DefaultChannelPipeline.java:564)
	at org.jboss.netty.channel.DefaultChannelPipeline$DefaultChannelHandlerContext.sendUpstream(DefaultChannelPipeline.java:791)
	at org.elasticsearch.common.netty.OpenChannelsHandler.handleUpstream(OpenChannelsHandler.java:75)
	at org.jboss.netty.channel.DefaultChannelPipeline.sendUpstream(DefaultChannelPipeline.java:564)
	at org.jboss.netty.channel.DefaultChannelPipeline.sendUpstream(DefaultChannelPipeline.java:559)
	at org.jboss.netty.channel.Channels.fireMessageReceived(Channels.java:268)
	at org.jboss.netty.channel.Channels.fireMessageReceived(Channels.java:255)
	at org.jboss.netty.channel.socket.nio.NioWorker.read(NioWorker.java:88)
	at org.jboss.netty.channel.socket.nio.AbstractNioWorker.process(AbstractNioWorker.java:108)
	at org.jboss.netty.channel.socket.nio.AbstractNioSelector.run(AbstractNioSelector.java:337)
	at org.jboss.netty.channel.socket.nio.AbstractNioWorker.run(AbstractNioWorker.java:89)
	at org.jboss.netty.channel.socket.nio.NioWorker.run(NioWorker.java:178)
	at org.jboss.netty.util.ThreadRenamingRunnable.run(ThreadRenamingRunnable.java:108)
	at org.jboss.netty.util.internal.DeadLockProofWorker$1.run(DeadLockProofWorker.java:42)
	at java.util.concurrent.ThreadPoolExecutor.runWorker(ThreadPoolExecutor.java:1142)
	at java.util.concurrent.ThreadPoolExecutor$Worker.run(ThreadPoolExecutor.java:617)
	at java.lang.Thread.run(Thread.java:745)
[2015-11-23 01:57:30,149][INFO ][rest.suppressed          ] /publications/umd09JP/1/_update Params: {index=publications, id=1, type=umd09JP}
org.elasticsearch.action.ActionRequestValidationException: Validation Failed: 1: script or doc is missing;
	at org.elasticsearch.action.ValidateActions.addValidationError(ValidateActions.java:29)
	at org.elasticsearch.action.update.UpdateRequest.validate(UpdateRequest.java:120)
	at org.elasticsearch.action.support.TransportAction.execute(TransportAction.java:62)
	at org.elasticsearch.client.node.NodeClient.doExecute(NodeClient.java:58)
	at org.elasticsearch.client.support.AbstractClient.execute(AbstractClient.java:347)
	at org.elasticsearch.client.FilterClient.doExecute(FilterClient.java:52)
	at org.elasticsearch.rest.BaseRestHandler$HeadersAndContextCopyClient.doExecute(BaseRestHandler.java:83)
	at org.elasticsearch.client.support.AbstractClient.execute(AbstractClient.java:347)
	at org.elasticsearch.client.support.AbstractClient.update(AbstractClient.java:384)
	at org.elasticsearch.rest.action.update.RestUpdateAction.handleRequest(RestUpdateAction.java:126)
	at org.elasticsearch.rest.BaseRestHandler.handleRequest(BaseRestHandler.java:54)
	at org.elasticsearch.rest.RestController.executeHandler(RestController.java:207)
	at org.elasticsearch.rest.RestController.dispatchRequest(RestController.java:166)
	at org.elasticsearch.http.HttpServer.internalDispatchRequest(HttpServer.java:128)
	at org.elasticsearch.http.HttpServer$Dispatcher.dispatchRequest(HttpServer.java:86)
	at org.elasticsearch.http.netty.NettyHttpServerTransport.dispatchRequest(NettyHttpServerTransport.java:348)
	at org.elasticsearch.http.netty.HttpRequestHandler.messageReceived(HttpRequestHandler.java:63)
	at org.jboss.netty.channel.SimpleChannelUpstreamHandler.handleUpstream(SimpleChannelUpstreamHandler.java:70)
	at org.jboss.netty.channel.DefaultChannelPipeline.sendUpstream(DefaultChannelPipeline.java:564)
	at org.jboss.netty.channel.DefaultChannelPipeline$DefaultChannelHandlerContext.sendUpstream(DefaultChannelPipeline.java:791)
	at org.elasticsearch.http.netty.pipelining.HttpPipeliningHandler.messageReceived(HttpPipeliningHandler.java:60)
	at org.jboss.netty.channel.SimpleChannelHandler.handleUpstream(SimpleChannelHandler.java:88)
	at org.jboss.netty.channel.DefaultChannelPipeline.sendUpstream(DefaultChannelPipeline.java:564)
	at org.jboss.netty.channel.DefaultChannelPipeline$DefaultChannelHandlerContext.sendUpstream(DefaultChannelPipeline.java:791)
	at org.jboss.netty.handler.codec.http.HttpChunkAggregator.messageReceived(HttpChunkAggregator.java:145)
	at org.jboss.netty.channel.SimpleChannelUpstreamHandler.handleUpstream(SimpleChannelUpstreamHandler.java:70)
	at org.jboss.netty.channel.DefaultChannelPipeline.sendUpstream(DefaultChannelPipeline.java:564)
	at org.jboss.netty.channel.DefaultChannelPipeline$DefaultChannelHandlerContext.sendUpstream(DefaultChannelPipeline.java:791)
	at org.jboss.netty.handler.codec.http.HttpContentDecoder.messageReceived(HttpContentDecoder.java:108)
	at org.jboss.netty.channel.SimpleChannelUpstreamHandler.handleUpstream(SimpleChannelUpstreamHandler.java:70)
	at org.jboss.netty.channel.DefaultChannelPipeline.sendUpstream(DefaultChannelPipeline.java:564)
	at org.jboss.netty.channel.DefaultChannelPipeline$DefaultChannelHandlerContext.sendUpstream(DefaultChannelPipeline.java:791)
	at org.jboss.netty.channel.Channels.fireMessageReceived(Channels.java:296)
	at org.jboss.netty.handler.codec.frame.FrameDecoder.unfoldAndFireMessageReceived(FrameDecoder.java:459)
	at org.jboss.netty.handler.codec.replay.ReplayingDecoder.callDecode(ReplayingDecoder.java:536)
	at org.jboss.netty.handler.codec.replay.ReplayingDecoder.messageReceived(ReplayingDecoder.java:435)
	at org.jboss.netty.channel.SimpleChannelUpstreamHandler.handleUpstream(SimpleChannelUpstreamHandler.java:70)
	at org.jboss.netty.channel.DefaultChannelPipeline.sendUpstream(DefaultChannelPipeline.java:564)
	at org.jboss.netty.channel.DefaultChannelPipeline$DefaultChannelHandlerContext.sendUpstream(DefaultChannelPipeline.java:791)
	at org.elasticsearch.common.netty.OpenChannelsHandler.handleUpstream(OpenChannelsHandler.java:75)
	at org.jboss.netty.channel.DefaultChannelPipeline.sendUpstream(DefaultChannelPipeline.java:564)
	at org.jboss.netty.channel.DefaultChannelPipeline.sendUpstream(DefaultChannelPipeline.java:559)
	at org.jboss.netty.channel.Channels.fireMessageReceived(Channels.java:268)
	at org.jboss.netty.channel.Channels.fireMessageReceived(Channels.java:255)
	at org.jboss.netty.channel.socket.nio.NioWorker.read(NioWorker.java:88)
	at org.jboss.netty.channel.socket.nio.AbstractNioWorker.process(AbstractNioWorker.java:108)
	at org.jboss.netty.channel.socket.nio.AbstractNioSelector.run(AbstractNioSelector.java:337)
	at org.jboss.netty.channel.socket.nio.AbstractNioWorker.run(AbstractNioWorker.java:89)
	at org.jboss.netty.channel.socket.nio.NioWorker.run(NioWorker.java:178)
	at org.jboss.netty.util.ThreadRenamingRunnable.run(ThreadRenamingRunnable.java:108)
	at org.jboss.netty.util.internal.DeadLockProofWorker$1.run(DeadLockProofWorker.java:42)
	at java.util.concurrent.ThreadPoolExecutor.runWorker(ThreadPoolExecutor.java:1142)
	at java.util.concurrent.ThreadPoolExecutor$Worker.run(ThreadPoolExecutor.java:617)
	at java.lang.Thread.run(Thread.java:745)
[2015-11-23 01:57:52,381][INFO ][rest.suppressed          ] /publications/umd09JP/1/_update Params: {index=publications, id=1, type=umd09JP}
org.elasticsearch.action.ActionRequestValidationException: Validation Failed: 1: script or doc is missing;
	at org.elasticsearch.action.ValidateActions.addValidationError(ValidateActions.java:29)
	at org.elasticsearch.action.update.UpdateRequest.validate(UpdateRequest.java:120)
	at org.elasticsearch.action.support.TransportAction.execute(TransportAction.java:62)
	at org.elasticsearch.client.node.NodeClient.doExecute(NodeClient.java:58)
	at org.elasticsearch.client.support.AbstractClient.execute(AbstractClient.java:347)
	at org.elasticsearch.client.FilterClient.doExecute(FilterClient.java:52)
	at org.elasticsearch.rest.BaseRestHandler$HeadersAndContextCopyClient.doExecute(BaseRestHandler.java:83)
	at org.elasticsearch.client.support.AbstractClient.execute(AbstractClient.java:347)
	at org.elasticsearch.client.support.AbstractClient.update(AbstractClient.java:384)
	at org.elasticsearch.rest.action.update.RestUpdateAction.handleRequest(RestUpdateAction.java:126)
	at org.elasticsearch.rest.BaseRestHandler.handleRequest(BaseRestHandler.java:54)
	at org.elasticsearch.rest.RestController.executeHandler(RestController.java:207)
	at org.elasticsearch.rest.RestController.dispatchRequest(RestController.java:166)
	at org.elasticsearch.http.HttpServer.internalDispatchRequest(HttpServer.java:128)
	at org.elasticsearch.http.HttpServer$Dispatcher.dispatchRequest(HttpServer.java:86)
	at org.elasticsearch.http.netty.NettyHttpServerTransport.dispatchRequest(NettyHttpServerTransport.java:348)
	at org.elasticsearch.http.netty.HttpRequestHandler.messageReceived(HttpRequestHandler.java:63)
	at org.jboss.netty.channel.SimpleChannelUpstreamHandler.handleUpstream(SimpleChannelUpstreamHandler.java:70)
	at org.jboss.netty.channel.DefaultChannelPipeline.sendUpstream(DefaultChannelPipeline.java:564)
	at org.jboss.netty.channel.DefaultChannelPipeline$DefaultChannelHandlerContext.sendUpstream(DefaultChannelPipeline.java:791)
	at org.elasticsearch.http.netty.pipelining.HttpPipeliningHandler.messageReceived(HttpPipeliningHandler.java:60)
	at org.jboss.netty.channel.SimpleChannelHandler.handleUpstream(SimpleChannelHandler.java:88)
	at org.jboss.netty.channel.DefaultChannelPipeline.sendUpstream(DefaultChannelPipeline.java:564)
	at org.jboss.netty.channel.DefaultChannelPipeline$DefaultChannelHandlerContext.sendUpstream(DefaultChannelPipeline.java:791)
	at org.jboss.netty.handler.codec.http.HttpChunkAggregator.messageReceived(HttpChunkAggregator.java:145)
	at org.jboss.netty.channel.SimpleChannelUpstreamHandler.handleUpstream(SimpleChannelUpstreamHandler.java:70)
	at org.jboss.netty.channel.DefaultChannelPipeline.sendUpstream(DefaultChannelPipeline.java:564)
	at org.jboss.netty.channel.DefaultChannelPipeline$DefaultChannelHandlerContext.sendUpstream(DefaultChannelPipeline.java:791)
	at org.jboss.netty.handler.codec.http.HttpContentDecoder.messageReceived(HttpContentDecoder.java:108)
	at org.jboss.netty.channel.SimpleChannelUpstreamHandler.handleUpstream(SimpleChannelUpstreamHandler.java:70)
	at org.jboss.netty.channel.DefaultChannelPipeline.sendUpstream(DefaultChannelPipeline.java:564)
	at org.jboss.netty.channel.DefaultChannelPipeline$DefaultChannelHandlerContext.sendUpstream(DefaultChannelPipeline.java:791)
	at org.jboss.netty.channel.Channels.fireMessageReceived(Channels.java:296)
	at org.jboss.netty.handler.codec.frame.FrameDecoder.unfoldAndFireMessageReceived(FrameDecoder.java:459)
	at org.jboss.netty.handler.codec.replay.ReplayingDecoder.callDecode(ReplayingDecoder.java:536)
	at org.jboss.netty.handler.codec.replay.ReplayingDecoder.messageReceived(ReplayingDecoder.java:435)
	at org.jboss.netty.channel.SimpleChannelUpstreamHandler.handleUpstream(SimpleChannelUpstreamHandler.java:70)
	at org.jboss.netty.channel.DefaultChannelPipeline.sendUpstream(DefaultChannelPipeline.java:564)
	at org.jboss.netty.channel.DefaultChannelPipeline$DefaultChannelHandlerContext.sendUpstream(DefaultChannelPipeline.java:791)
	at org.elasticsearch.common.netty.OpenChannelsHandler.handleUpstream(OpenChannelsHandler.java:75)
	at org.jboss.netty.channel.DefaultChannelPipeline.sendUpstream(DefaultChannelPipeline.java:564)
	at org.jboss.netty.channel.DefaultChannelPipeline.sendUpstream(DefaultChannelPipeline.java:559)
	at org.jboss.netty.channel.Channels.fireMessageReceived(Channels.java:268)
	at org.jboss.netty.channel.Channels.fireMessageReceived(Channels.java:255)
	at org.jboss.netty.channel.socket.nio.NioWorker.read(NioWorker.java:88)
	at org.jboss.netty.channel.socket.nio.AbstractNioWorker.process(AbstractNioWorker.java:108)
	at org.jboss.netty.channel.socket.nio.AbstractNioSelector.run(AbstractNioSelector.java:337)
	at org.jboss.netty.channel.socket.nio.AbstractNioWorker.run(AbstractNioWorker.java:89)
	at org.jboss.netty.channel.socket.nio.NioWorker.run(NioWorker.java:178)
	at org.jboss.netty.util.ThreadRenamingRunnable.run(ThreadRenamingRunnable.java:108)
	at org.jboss.netty.util.internal.DeadLockProofWorker$1.run(DeadLockProofWorker.java:42)
	at java.util.concurrent.ThreadPoolExecutor.runWorker(ThreadPoolExecutor.java:1142)
	at java.util.concurrent.ThreadPoolExecutor$Worker.run(ThreadPoolExecutor.java:617)
	at java.lang.Thread.run(Thread.java:745)
[2015-11-23 01:57:53,688][INFO ][rest.suppressed          ] /publications/umd09JP/1/_update Params: {index=publications, id=1, type=umd09JP}
org.elasticsearch.action.ActionRequestValidationException: Validation Failed: 1: script or doc is missing;
	at org.elasticsearch.action.ValidateActions.addValidationError(ValidateActions.java:29)
	at org.elasticsearch.action.update.UpdateRequest.validate(UpdateRequest.java:120)
	at org.elasticsearch.action.support.TransportAction.execute(TransportAction.java:62)
	at org.elasticsearch.client.node.NodeClient.doExecute(NodeClient.java:58)
	at org.elasticsearch.client.support.AbstractClient.execute(AbstractClient.java:347)
	at org.elasticsearch.client.FilterClient.doExecute(FilterClient.java:52)
	at org.elasticsearch.rest.BaseRestHandler$HeadersAndContextCopyClient.doExecute(BaseRestHandler.java:83)
	at org.elasticsearch.client.support.AbstractClient.execute(AbstractClient.java:347)
	at org.elasticsearch.client.support.AbstractClient.update(AbstractClient.java:384)
	at org.elasticsearch.rest.action.update.RestUpdateAction.handleRequest(RestUpdateAction.java:126)
	at org.elasticsearch.rest.BaseRestHandler.handleRequest(BaseRestHandler.java:54)
	at org.elasticsearch.rest.RestController.executeHandler(RestController.java:207)
	at org.elasticsearch.rest.RestController.dispatchRequest(RestController.java:166)
	at org.elasticsearch.http.HttpServer.internalDispatchRequest(HttpServer.java:128)
	at org.elasticsearch.http.HttpServer$Dispatcher.dispatchRequest(HttpServer.java:86)
	at org.elasticsearch.http.netty.NettyHttpServerTransport.dispatchRequest(NettyHttpServerTransport.java:348)
	at org.elasticsearch.http.netty.HttpRequestHandler.messageReceived(HttpRequestHandler.java:63)
	at org.jboss.netty.channel.SimpleChannelUpstreamHandler.handleUpstream(SimpleChannelUpstreamHandler.java:70)
	at org.jboss.netty.channel.DefaultChannelPipeline.sendUpstream(DefaultChannelPipeline.java:564)
	at org.jboss.netty.channel.DefaultChannelPipeline$DefaultChannelHandlerContext.sendUpstream(DefaultChannelPipeline.java:791)
	at org.elasticsearch.http.netty.pipelining.HttpPipeliningHandler.messageReceived(HttpPipeliningHandler.java:60)
	at org.jboss.netty.channel.SimpleChannelHandler.handleUpstream(SimpleChannelHandler.java:88)
	at org.jboss.netty.channel.DefaultChannelPipeline.sendUpstream(DefaultChannelPipeline.java:564)
	at org.jboss.netty.channel.DefaultChannelPipeline$DefaultChannelHandlerContext.sendUpstream(DefaultChannelPipeline.java:791)
	at org.jboss.netty.handler.codec.http.HttpChunkAggregator.messageReceived(HttpChunkAggregator.java:145)
	at org.jboss.netty.channel.SimpleChannelUpstreamHandler.handleUpstream(SimpleChannelUpstreamHandler.java:70)
	at org.jboss.netty.channel.DefaultChannelPipeline.sendUpstream(DefaultChannelPipeline.java:564)
	at org.jboss.netty.channel.DefaultChannelPipeline$DefaultChannelHandlerContext.sendUpstream(DefaultChannelPipeline.java:791)
	at org.jboss.netty.handler.codec.http.HttpContentDecoder.messageReceived(HttpContentDecoder.java:108)
	at org.jboss.netty.channel.SimpleChannelUpstreamHandler.handleUpstream(SimpleChannelUpstreamHandler.java:70)
	at org.jboss.netty.channel.DefaultChannelPipeline.sendUpstream(DefaultChannelPipeline.java:564)
	at org.jboss.netty.channel.DefaultChannelPipeline$DefaultChannelHandlerContext.sendUpstream(DefaultChannelPipeline.java:791)
	at org.jboss.netty.channel.Channels.fireMessageReceived(Channels.java:296)
	at org.jboss.netty.handler.codec.frame.FrameDecoder.unfoldAndFireMessageReceived(FrameDecoder.java:459)
	at org.jboss.netty.handler.codec.replay.ReplayingDecoder.callDecode(ReplayingDecoder.java:536)
	at org.jboss.netty.handler.codec.replay.ReplayingDecoder.messageReceived(ReplayingDecoder.java:435)
	at org.jboss.netty.channel.SimpleChannelUpstreamHandler.handleUpstream(SimpleChannelUpstreamHandler.java:70)
	at org.jboss.netty.channel.DefaultChannelPipeline.sendUpstream(DefaultChannelPipeline.java:564)
	at org.jboss.netty.channel.DefaultChannelPipeline$DefaultChannelHandlerContext.sendUpstream(DefaultChannelPipeline.java:791)
	at org.elasticsearch.common.netty.OpenChannelsHandler.handleUpstream(OpenChannelsHandler.java:75)
	at org.jboss.netty.channel.DefaultChannelPipeline.sendUpstream(DefaultChannelPipeline.java:564)
	at org.jboss.netty.channel.DefaultChannelPipeline.sendUpstream(DefaultChannelPipeline.java:559)
	at org.jboss.netty.channel.Channels.fireMessageReceived(Channels.java:268)
	at org.jboss.netty.channel.Channels.fireMessageReceived(Channels.java:255)
	at org.jboss.netty.channel.socket.nio.NioWorker.read(NioWorker.java:88)
	at org.jboss.netty.channel.socket.nio.AbstractNioWorker.process(AbstractNioWorker.java:108)
	at org.jboss.netty.channel.socket.nio.AbstractNioSelector.run(AbstractNioSelector.java:337)
	at org.jboss.netty.channel.socket.nio.AbstractNioWorker.run(AbstractNioWorker.java:89)
	at org.jboss.netty.channel.socket.nio.NioWorker.run(NioWorker.java:178)
	at org.jboss.netty.util.ThreadRenamingRunnable.run(ThreadRenamingRunnable.java:108)
	at org.jboss.netty.util.internal.DeadLockProofWorker$1.run(DeadLockProofWorker.java:42)
	at java.util.concurrent.ThreadPoolExecutor.runWorker(ThreadPoolExecutor.java:1142)
	at java.util.concurrent.ThreadPoolExecutor$Worker.run(ThreadPoolExecutor.java:617)
	at java.lang.Thread.run(Thread.java:745)
